c:\users\dāvis\desktop\c++ game\brakeout\brakeout\debug\vc141.pdb
c:\users\dāvis\desktop\c++ game\brakeout\brakeout\debug\vc141.idb
c:\users\dāvis\desktop\c++ game\brakeout\brakeout\debug\main.obj
c:\users\dāvis\desktop\c++ game\brakeout\brakeout\debug\rigidbody.obj
c:\users\dāvis\desktop\c++ game\brakeout\brakeout\debug\vector3.obj
c:\users\dāvis\desktop\c++ game\brakeout\brakeout\debug\mouse.obj
c:\users\dāvis\desktop\c++ game\brakeout\brakeout\debug\keyboard.obj
c:\users\dāvis\desktop\c++ game\brakeout\brakeout\debug\texture.obj
c:\users\dāvis\desktop\c++ game\brakeout\brakeout\debug\sprite.obj
c:\users\dāvis\desktop\c++ game\brakeout\brakeout\debug\engine.obj
c:\users\dāvis\desktop\c++ game\brakeout\brakeout\debug\ball.obj
c:\users\dāvis\desktop\c++ game\brakeout\brakeout\debug\inputmanager.obj
c:\users\dāvis\desktop\c++ game\brakeout\debug\brakeout.exe
c:\users\dāvis\desktop\c++ game\brakeout\debug\brakeout.ilk
c:\users\dāvis\desktop\c++ game\brakeout\debug\brakeout.pdb
c:\users\dāvis\desktop\c++ game\brakeout\brakeout\debug\platform.obj
c:\users\dāvis\desktop\c++ game\brakeout\brakeout\debug\brakeout.tlog\cl.command.1.tlog
c:\users\dāvis\desktop\c++ game\brakeout\brakeout\debug\brakeout.tlog\cl.read.1.tlog
c:\users\dāvis\desktop\c++ game\brakeout\brakeout\debug\brakeout.tlog\cl.write.1.tlog
c:\users\dāvis\desktop\c++ game\brakeout\brakeout\debug\brakeout.tlog\link.command.1.tlog
c:\users\dāvis\desktop\c++ game\brakeout\brakeout\debug\brakeout.tlog\link.read.1.tlog
c:\users\dāvis\desktop\c++ game\brakeout\brakeout\debug\brakeout.tlog\link.write.1.tlog
