  Ball.cpp
c:\users\dāvis\desktop\prog\c++ game\brakeout\brakeout\brakeout_game\ball.cpp(10): warning C4244: 'argument': conversion from 'int' to 'float', possible loss of data
c:\users\dāvis\desktop\prog\c++ game\brakeout\brakeout\brakeout_game\ball.cpp(89): warning C4244: '=': conversion from 'float' to 'int', possible loss of data
c:\users\dāvis\desktop\prog\c++ game\brakeout\brakeout\brakeout_game\ball.cpp(90): warning C4244: '=': conversion from 'float' to 'int', possible loss of data
c:\users\dāvis\desktop\prog\c++ game\brakeout\brakeout\brakeout_game\ball.cpp(92): warning C4244: 'argument': conversion from 'int' to 'float', possible loss of data
c:\users\dāvis\desktop\prog\c++ game\brakeout\brakeout\brakeout_game\ball.cpp(139): warning C4244: 'initializing': conversion from 'float' to 'int', possible loss of data
c:\users\dāvis\desktop\prog\c++ game\brakeout\brakeout\brakeout_game\ball.cpp(140): warning C4244: 'initializing': conversion from 'float' to 'int', possible loss of data
c:\users\dāvis\desktop\prog\c++ game\brakeout\brakeout\brakeout_game\ball.cpp(148): warning C4244: 'initializing': conversion from 'float' to 'int', possible loss of data
c:\users\dāvis\desktop\prog\c++ game\brakeout\brakeout\brakeout_game\ball.cpp(149): warning C4244: 'initializing': conversion from 'float' to 'int', possible loss of data
  InputManager.cpp
  Platform.cpp
  Engine.cpp
  Sprite.cpp
  Texture.cpp
  Keyboard.cpp
  Mouse.cpp
  Vector3.cpp
  Rigidbody.cpp
  Main.cpp
c:\users\dāvis\desktop\prog\c++ game\brakeout\brakeout\main.cpp(50): warning C4244: 'argument': conversion from 'int' to 'float', possible loss of data
c:\users\dāvis\desktop\prog\c++ game\brakeout\brakeout\main.cpp(64): warning C4244: 'initializing': conversion from 'float' to 'int', possible loss of data
  Generating Code...
SOIL.lib(image_DXT.obj) : warning LNK4099: PDB 'vc120.pdb' was not found with 'SOIL.lib(image_DXT.obj)' or at 'C:\Users\Dāvis\Desktop\PROG\c++ game\Brakeout\Debug\vc120.pdb'; linking object as if no debug info
SOIL.lib(image_helper.obj) : warning LNK4099: PDB 'vc120.pdb' was not found with 'SOIL.lib(image_helper.obj)' or at 'C:\Users\Dāvis\Desktop\PROG\c++ game\Brakeout\Debug\vc120.pdb'; linking object as if no debug info
SOIL.lib(SOIL.obj) : warning LNK4099: PDB 'vc120.pdb' was not found with 'SOIL.lib(SOIL.obj)' or at 'C:\Users\Dāvis\Desktop\PROG\c++ game\Brakeout\Debug\vc120.pdb'; linking object as if no debug info
SOIL.lib(stb_image_aug.obj) : warning LNK4099: PDB 'vc120.pdb' was not found with 'SOIL.lib(stb_image_aug.obj)' or at 'C:\Users\Dāvis\Desktop\PROG\c++ game\Brakeout\Debug\vc120.pdb'; linking object as if no debug info
  Brakeout.vcxproj -> C:\Users\Dāvis\Desktop\PROG\c++ game\Brakeout\Debug\Brakeout.exe
